CryptoApp/app/build/intermediates/manifest_merge_blame_file/debug/manifest-merger-blame-debug-report.txt
1<?xml version="1.0" encoding="utf-8"?>
2<manifest xmlns:android="http://schemas.android.com/apk/res/android"
3    package="com.example.cryptoapp"
4    android:versionCode="1"
5    android:versionName="1.0" >
6
7    <uses-sdk
8        android:minSdkVersion="23"
8-->src\main\AndroidManifest.xml
9        android:targetSdkVersion="33" />
9-->src\main\AndroidManifest.xml
10
11    <uses-permission android:name="android.permission.INTERNET" />
11-->src\main\AndroidManifest.xml:5:5-67
11-->src\main\AndroidManifest.xml:5:22-64
12
13    <permission
13-->[androidx.core:core:1.9.0] AndroidManifest.xml:22:5-24:47
14        android:name="com.example.cryptoapp.DYNAMIC_RECEIVER_NOT_EXPORTED_PERMISSION"
14-->[androidx.core:core:1.9.0] AndroidManifest.xml:23:9-81
15        android:protectionLevel="signature" />
15-->[androidx.core:core:1.9.0] AndroidManifest.xml:24:9-44
16
17    <uses-permission android:name="com.example.cryptoapp.DYNAMIC_RECEIVER_NOT_EXPORTED_PERMISSION" />
17-->[androidx.core:core:1.9.0] AndroidManifest.xml:26:5-97
17-->[androidx.core:core:1.9.0] AndroidManifest.xml:26:22-94
18
19    <application
19-->src\main\AndroidManifest.xml:7:5-25:19
20        android:allowBackup="true"
20-->src\main\AndroidManifest.xml:8:9-35
21        android:appComponentFactory="androidx.core.app.CoreComponentFactory"
21-->[androidx.core:core:1.9.0] AndroidManifest.xml:28:18-86
22        android:dataExtractionRules="@xml/data_extraction_rules"
22-->src\main\AndroidManifest.xml:9:9-65
23        android:debuggable="true"
24        android:extractNativeLibs="false"
25        android:fullBackupContent="@xml/backup_rules"
25-->src\main\AndroidManifest.xml:10:9-54
26        android:icon="@mipmap/ic_launcher"
26-->src\main\AndroidManifest.xml:11:9-43
27        android:label="@string/app_name"
27-->src\main\AndroidManifest.xml:12:9-41
28        android:supportsRtl="true"
28-->src\main\AndroidManifest.xml:13:9-35
29        android:testOnly="true"
30        android:theme="@style/Theme.CryptoApp" >
30-->src\main\AndroidManifest.xml:14:9-47
31        <activity
31-->src\main\AndroidManifest.xml:16:9-24:20
32            android:name="com.example.cryptoapp.MainActivity"
32-->src\main\AndroidManifest.xml:17:13-41
33            android:exported="true" >
33-->src\main\AndroidManifest.xml:18:13-36
34            <intent-filter>
34-->src\main\AndroidManifest.xml:19:13-23:29
35                <action android:name="android.intent.action.MAIN" />
35-->src\main\AndroidManifest.xml:20:17-69
35-->src\main\AndroidManifest.xml:20:25-66
36
37                <category android:name="android.intent.category.LAUNCHER" />
37-->src\main\AndroidManifest.xml:22:17-77
37-->src\main\AndroidManifest.xml:22:27-74
38            </intent-filter>
39        </activity>
40
41        <provider
41-->[androidx.emoji2:emoji2:1.2.0] AndroidManifest.xml:24:9-32:20
42            android:name="androidx.startup.InitializationProvider"
42-->[androidx.emoji2:emoji2:1.2.0] AndroidManifest.xml:25:13-67
43            android:authorities="com.example.cryptoapp.androidx-startup"
43-->[androidx.emoji2:emoji2:1.2.0] AndroidManifest.xml:26:13-68
44            android:exported="false" >
44-->[androidx.emoji2:emoji2:1.2.0] AndroidManifest.xml:27:13-37
45            <meta-data
45-->[androidx.emoji2:emoji2:1.2.0] AndroidManifest.xml:29:13-31:52
46                android:name="androidx.emoji2.text.EmojiCompatInitializer"
46-->[androidx.emoji2:emoji2:1.2.0] AndroidManifest.xml:30:17-75
47                android:value="androidx.startup" />
47-->[androidx.emoji2:emoji2:1.2.0] AndroidManifest.xml:31:17-49
48            <meta-data
48-->[androidx.lifecycle:lifecycle-process:2.6.0] AndroidManifest.xml:29:13-31:52
49                android:name="androidx.lifecycle.ProcessLifecycleInitializer"
49-->[androidx.lifecycle:lifecycle-process:2.6.0] AndroidManifest.xml:30:17-78
50                android:value="androidx.startup" />
50-->[androidx.lifecycle:lifecycle-process:2.6.0] AndroidManifest.xml:31:17-49
51            <meta-data
51-->[androidx.profileinstaller:profileinstaller:1.2.1] AndroidManifest.xml:30:13-32:52
52                android:name="androidx.profileinstaller.ProfileInstallerInitializer"
52-->[androidx.profileinstaller:profileinstaller:1.2.1] AndroidManifest.xml:31:17-85
53                android:value="androidx.startup" />
53-->[androidx.profileinstaller:profileinstaller:1.2.1] AndroidManifest.xml:32:17-49
54        </provider>
55
56        <service
56-->[androidx.room:room-runtime:2.4.3] AndroidManifest.xml:25:9-28:40
57            android:name="androidx.room.MultiInstanceInvalidationService"
57-->[androidx.room:room-runtime:2.4.3] AndroidManifest.xml:26:13-74
58            android:directBootAware="true"
58-->[androidx.room:room-runtime:2.4.3] AndroidManifest.xml:27:13-43
59            android:exported="false" />
59-->[androidx.room:room-runtime:2.4.3] AndroidManifest.xml:28:13-37
60
61        <provider
61-->[com.squareup.picasso:picasso:2.71828] AndroidManifest.xml:8:9-11:40
62            android:name="com.squareup.picasso.PicassoProvider"
62-->[com.squareup.picasso:picasso:2.71828] AndroidManifest.xml:9:13-64
63            android:authorities="com.example.cryptoapp.com.squareup.picasso"
63-->[com.squareup.picasso:picasso:2.71828] AndroidManifest.xml:10:13-72
64            android:exported="false" />
64-->[com.squareup.picasso:picasso:2.71828] AndroidManifest.xml:11:13-37
65
66        <receiver
66-->[androidx.profileinstaller:profileinstaller:1.2.1] AndroidManifest.xml:35:9-47:20
67            android:name="androidx.profileinstaller.ProfileInstallReceiver"
67-->[androidx.profileinstaller:profileinstaller:1.2.1] AndroidManifest.xml:36:13-76
68            android:directBootAware="false"
68-->[androidx.profileinstaller:profileinstaller:1.2.1] AndroidManifest.xml:37:13-44
69            android:enabled="true"
69-->[androidx.profileinstaller:profileinstaller:1.2.1] AndroidManifest.xml:38:13-35
70            android:exported="true"
70-->[androidx.profileinstaller:profileinstaller:1.2.1] AndroidManifest.xml:39:13-36
71            android:permission="android.permission.DUMP" >
71-->[androidx.profileinstaller:profileinstaller:1.2.1] AndroidManifest.xml:40:13-57
72            <intent-filter>
72-->[androidx.profileinstaller:profileinstaller:1.2.1] AndroidManifest.xml:41:13-43:29
73                <action android:name="androidx.profileinstaller.action.INSTALL_PROFILE" />
73-->[androidx.profileinstaller:profileinstaller:1.2.1] AndroidManifest.xml:42:17-91
73-->[androidx.profileinstaller:profileinstaller:1.2.1] AndroidManifest.xml:42:25-88
74            </intent-filter>
75            <intent-filter>
75-->[androidx.profileinstaller:profileinstaller:1.2.1] AndroidManifest.xml:44:13-46:29
76                <action android:name="androidx.profileinstaller.action.SKIP_FILE" />
76-->[androidx.profileinstaller:profileinstaller:1.2.1] AndroidManifest.xml:45:17-85
76-->[androidx.profileinstaller:profileinstaller:1.2.1] AndroidManifest.xml:45:25-82
77            </intent-filter>
78        </receiver>
79    </application>
80
81</manifest>